<?xml version="1.0" encoding="utf-8"?><testsuites name="pytest tests"><testsuite name="pytest" errors="0" failures="0" skipped="0" tests="18" time="7.781" timestamp="2026-05-05T11:10:52.352278+00:00" hostname="agent-env-9b0cf315-b603-4a92-b61a-473a22266805"><testcase classname="backend.tests.test_cityeye" name="test_root" time="0.166" /><testcase classname="backend.tests.test_cityeye" name="test_login_invalid" time="0.340" /><testcase classname="backend.tests.test_cityeye" name="test_me_unauth" time="0.101" /><testcase classname="backend.tests.test_cityeye" name="test_me_admin" time="0.380" /><testcase classname="backend.tests.test_cityeye" name="test_register_duplicate" time="0.501" /><testcase classname="backend.tests.test_cityeye" name="test_analyze_image_works" time="4.083" /><testcase classname="backend.tests.test_cityeye" name="test_static_annotated_image" time="0.181" /><testcase classname="backend.tests.test_cityeye" name="test_list_analyses_user_only" time="0.147" /><testcase classname="backend.tests.test_cityeye" name="test_get_analysis_owner" time="0.071" /><testcase classname="backend.tests.test_cityeye" name="test_get_analysis_other_user_forbidden" time="0.389" /><testcase classname="backend.tests.test_cityeye" name="test_get_analysis_admin_can_see" time="0.055" /><testcase classname="backend.tests.test_cityeye" name="test_user_cannot_flag" time="0.070" /><testcase classname="backend.tests.test_cityeye" name="test_police_flag_unflag" time="0.425" /><testcase classname="backend.tests.test_cityeye" name="test_user_cannot_access_analytics" time="0.065" /><testcase classname="backend.tests.test_cityeye" name="test_analyzer_analytics" time="0.053" /><testcase classname="backend.tests.test_cityeye" name="test_police_analytics" time="0.054" /><testcase classname="backend.tests.test_cityeye" name="test_police_list_sees_all" time="0.047" /><testcase classname="backend.tests.test_cityeye" name="test_logout" time="0.565" /></testsuite></testsuites>